<?xml version="1.0" encoding="UTF-8"?>
<testsuite xmlns:xsi="http://www.w3.org/2001/XMLSchema-instance" xsi:noNamespaceSchemaLocation="https://maven.apache.org/surefire/maven-surefire-plugin/xsd/surefire-test-report.xsd" version="3.0.2" name="org.jsoup.select.SelectorTest" time="0.022" tests="108" errors="0" skipped="0" failures="0">
  <properties>
[...]
</properties>
  <testcase name="containsData(Locale)[1]" classname="org.jsoup.select.SelectorTest" time="0.0"/>
  <testcase name="containsData(Locale)[2]" classname="org.jsoup.select.SelectorTest" time="0.0"/>
  <testcase name="html_mixed_case_simple_name" classname="org.jsoup.select.SelectorTest" time="0.0"/>
  <testcase name="wildcardNamespaceMatchesNoNamespace" classname="org.jsoup.select.SelectorTest" time="0.0"/>
  <testcase name="selectFirstLevelChildrenOnly" classname="org.jsoup.select.SelectorTest" time="0.0"/>
  <testcase name="nestedMultiHas" classname="org.jsoup.select.SelectorTest" time="0.0"/>
  <testcase name="matchesWholeText" classname="org.jsoup.select.SelectorTest" time="0.001"/>
  <testcase name="testWildcardNamespacedXmlTag" classname="org.jsoup.select.SelectorTest" time="0.0"/>
  <testcase name="testByAttributeStarting(Locale)[1]" classname="org.jsoup.select.SelectorTest" time="0.0"/>
  <testcase name="testByAttributeStarting(Locale)[2]" classname="org.jsoup.select.SelectorTest" time="0.0"/>
  <testcase name="deeperDescendant" classname="org.jsoup.select.SelectorTest" time="0.001"/>
  <testcase name="selectSameElements" classname="org.jsoup.select.SelectorTest" time="0.0"/>
  <testcase name="emptyAttributePrefix" classname="org.jsoup.select.SelectorTest" time="0.0"/>
  <testcase name="testPseudoEquals" classname="org.jsoup.select.SelectorTest" time="0.0"/>
  <testcase name="xml_lowercase_simple_name" classname="org.jsoup.select.SelectorTest" time="0.0"/>
  <testcase name="testByClassCaseInsensitive" classname="org.jsoup.select.SelectorTest" time="0.0"/>
  <testcase name="divHasDivPreceding" classname="org.jsoup.select.SelectorTest" time="0.0"/>
  <testcase name="testByAttributeRegexCharacterClass" classname="org.jsoup.select.SelectorTest" time="0.0"/>
  <testcase name="testAllWithClass" classname="org.jsoup.select.SelectorTest" time="0.001"/>
  <testcase name="testByTag" classname="org.jsoup.select.SelectorTest" time="0.0"/>
  <testcase name="testWildCardNamespacedCaseVariations" classname="org.jsoup.select.SelectorTest" time="0.0"/>
  <testcase name="html_lowercase_wildcard_name" classname="org.jsoup.select.SelectorTest" time="0.0"/>
  <testcase name="selectorExceptionNotStringFormatException" classname="org.jsoup.select.SelectorTest" time="0.0"/>
  <testcase name="testById" classname="org.jsoup.select.SelectorTest" time="0.0"/>
  <testcase name="findBetweenSpan" classname="org.jsoup.select.SelectorTest" time="0.001"/>
  <testcase name="descendant" classname="org.jsoup.select.SelectorTest" time="0.0"/>
  <testcase name="handlesCommasInSelector" classname="org.jsoup.select.SelectorTest" time="0.001"/>
  <testcase name="byEscapedTag" classname="org.jsoup.select.SelectorTest" time="0.0"/>
  <testcase name="notAll" classname="org.jsoup.select.SelectorTest" time="0.0"/>
  <testcase name="testByAttribute(Locale)[1]" classname="org.jsoup.select.SelectorTest" time="0.0"/>
  <testcase name="testByAttribute(Locale)[2]" classname="org.jsoup.select.SelectorTest" time="0.0"/>
  <testcase name="xml_lowercase_wildcard_name" classname="org.jsoup.select.SelectorTest" time="0.0"/>
  <testcase name="testHasSibling" classname="org.jsoup.select.SelectorTest" time="0.0"/>
  <testcase name="byEscapedClass" classname="org.jsoup.select.SelectorTest" time="0.0"/>
  <testcase name="testNamespacedWildcardTag" classname="org.jsoup.select.SelectorTest" time="0.0"/>
  <testcase name="anyAttribute" classname="org.jsoup.select.SelectorTest" time="0.0"/>
  <testcase name="startsWithBeginsWithSpace" classname="org.jsoup.select.SelectorTest" time="0.0"/>
  <testcase name="selectClassWithSpace" classname="org.jsoup.select.SelectorTest" time="0.0"/>
  <testcase name="notAdjacent" classname="org.jsoup.select.SelectorTest" time="0.001"/>
  <testcase name="testCombinedWithContains" classname="org.jsoup.select.SelectorTest" time="0.0"/>
  <testcase name="containsWithQuote" classname="org.jsoup.select.SelectorTest" time="0.0"/>
  <testcase name="testPseudoGreaterThan" classname="org.jsoup.select.SelectorTest" time="0.0"/>
  <testcase name="testAllElements" classname="org.jsoup.select.SelectorTest" time="0.0"/>
  <testcase name="testByAttributeRegex" classname="org.jsoup.select.SelectorTest" time="0.0"/>
  <testcase name="evaluatorMemosAreReset" classname="org.jsoup.select.SelectorTest" time="0.0"/>
  <testcase name="parentFromSpecifiedDescender" classname="org.jsoup.select.SelectorTest" time="0.0"/>
  <testcase name="mixCombinator" classname="org.jsoup.select.SelectorTest" time="0.001"/>
  <testcase name="testRelaxedTags" classname="org.jsoup.select.SelectorTest" time="0.0"/>
  <testcase name="testPseudoBetween" classname="org.jsoup.select.SelectorTest" time="0.0"/>
  <testcase name="blankTextNodesAreConsideredEmpty" classname="org.jsoup.select.SelectorTest" time="0.0"/>
  <testcase name="testPseudoLessThan" classname="org.jsoup.select.SelectorTest" time="0.0"/>
  <testcase name="testGroupOr" classname="org.jsoup.select.SelectorTest" time="0.001"/>
  <testcase name="testByClass" classname="org.jsoup.select.SelectorTest" time="0.0"/>
  <testcase name="containsWholeOwnText" classname="org.jsoup.select.SelectorTest" time="0.0"/>
  <testcase name="is" classname="org.jsoup.select.SelectorTest" time="0.0"/>
  <testcase name="and" classname="org.jsoup.select.SelectorTest" time="0.001"/>
  <testcase name="rootImmediateParentSubquery" classname="org.jsoup.select.SelectorTest" time="0.0"/>
  <testcase name="attributeWithBrackets" classname="org.jsoup.select.SelectorTest" time="0.0"/>
  <testcase name="testPsuedoContainsWithParentheses" classname="org.jsoup.select.SelectorTest" time="0.0"/>
  <testcase name="testGroupOrAttribute" classname="org.jsoup.select.SelectorTest" time="0.0"/>
  <testcase name="caseInsensitive" classname="org.jsoup.select.SelectorTest" time="0.0"/>
  <testcase name="selectFirst" classname="org.jsoup.select.SelectorTest" time="0.001"/>
  <testcase name="containsOwn(Locale)[1]" classname="org.jsoup.select.SelectorTest" time="0.0"/>
  <testcase name="containsOwn(Locale)[2]" classname="org.jsoup.select.SelectorTest" time="0.0"/>
  <testcase name="xml_mixed_case_wildcard_name" classname="org.jsoup.select.SelectorTest" time="0.001"/>
  <testcase name="html_mixed_case_wildcard_name" classname="org.jsoup.select.SelectorTest" time="0.0"/>
  <testcase name="testCharactersInIdAndClass" classname="org.jsoup.select.SelectorTest" time="0.0"/>
  <testcase name="splitOnBr" classname="org.jsoup.select.SelectorTest" time="0.0"/>
  <testcase name="multiChildDescent" classname="org.jsoup.select.SelectorTest" time="0.0"/>
  <testcase name="adjacentSiblingsWithId" classname="org.jsoup.select.SelectorTest" time="0.0"/>
  <testcase name="testMatches" classname="org.jsoup.select.SelectorTest" time="0.0"/>
  <testcase name="matchText" classname="org.jsoup.select.SelectorTest" time="0.0"/>
  <testcase name="selectFirstWithOr" classname="org.jsoup.select.SelectorTest" time="0.0"/>
  <testcase name="matchTextAttributes" classname="org.jsoup.select.SelectorTest" time="0.0"/>
  <testcase name="endsWithEndsWithSpaces" classname="org.jsoup.select.SelectorTest" time="0.0"/>
  <testcase name="byEscapedId" classname="org.jsoup.select.SelectorTest" time="0.0"/>
  <testcase name="parentWithClassChild" classname="org.jsoup.select.SelectorTest" time="0.001"/>
  <testcase name="containsTextQueryIsNormalized" classname="org.jsoup.select.SelectorTest" time="0.0"/>
  <testcase name="xml_mixed_case_simple_name" classname="org.jsoup.select.SelectorTest" time="0.0"/>
  <testcase name="emptyPseudo" classname="org.jsoup.select.SelectorTest" time="0.0"/>
  <testcase name="generalSiblings" classname="org.jsoup.select.SelectorTest" time="0.0"/>
  <testcase name="parentChildStar" classname="org.jsoup.select.SelectorTest" time="0.0"/>
  <testcase name="matchesWholeOwnText" classname="org.jsoup.select.SelectorTest" time="0.0"/>
  <testcase name="divHasSpanPreceding" classname="org.jsoup.select.SelectorTest" time="0.0"/>
  <testcase name="nthLastChildWithNoParent" classname="org.jsoup.select.SelectorTest" time="0.0"/>
  <testcase name="testPseudoCombined" classname="org.jsoup.select.SelectorTest" time="0.0"/>
  <testcase name="testPseudoContains(Locale)[1]" classname="org.jsoup.select.SelectorTest" time="0.0"/>
  <testcase name="testPseudoContains(Locale)[2]" classname="org.jsoup.select.SelectorTest" time="0.0"/>
  <testcase name="xmlWildcardNamespaceTest" classname="org.jsoup.select.SelectorTest" time="0.0"/>
  <testcase name="testPseudoHas" classname="org.jsoup.select.SelectorTest" time="0.0"/>
  <testcase name="notClass" classname="org.jsoup.select.SelectorTest" time="0.0"/>
  <testcase name="html_lowercase_simple_name" classname="org.jsoup.select.SelectorTest" time="0.0"/>
  <testcase name="notParas" classname="org.jsoup.select.SelectorTest" time="0.0"/>
  <testcase name="selectSupplementaryCharacter" classname="org.jsoup.select.SelectorTest" time="0.002"/>
  <testcase name="adjacentSiblings" classname="org.jsoup.select.SelectorTest" time="0.0"/>
  <testcase name="testNamespacedTag" classname="org.jsoup.select.SelectorTest" time="0.0"/>
  <testcase name="testNestedHas" classname="org.jsoup.select.SelectorTest" time="0.0"/>
  <testcase name="trimSelector" classname="org.jsoup.select.SelectorTest" time="0.0"/>
  <testcase name="parentChildElement" classname="org.jsoup.select.SelectorTest" time="0.0"/>
  <testcase name="childElements" classname="org.jsoup.select.SelectorTest" time="0.001"/>
  <testcase name="testByAttributeRegexCombined" classname="org.jsoup.select.SelectorTest" time="0.0"/>
  <testcase name="matchesOwn" classname="org.jsoup.select.SelectorTest" time="0.0"/>
  <testcase name="testSupportsLeadingCombinator" classname="org.jsoup.select.SelectorTest" time="0.0"/>
  <testcase name="orAfterClass" classname="org.jsoup.select.SelectorTest" time="0.0"/>
  <testcase name="mixCombinatorGroup" classname="org.jsoup.select.SelectorTest" time="0.001"/>
  <testcase name="containsWholeText" classname="org.jsoup.select.SelectorTest" time="0.0"/>
  <testcase name="testWildcardNamespacedTag" classname="org.jsoup.select.SelectorTest" time="0.0"/>
  <testcase name="selectFirstWithAnd" classname="org.jsoup.select.SelectorTest" time="0.0"/>
</testsuite>