<?xml version="1.0" encoding="UTF-8"?>
<testsuite xmlns:xsi="http://www.w3.org/2001/XMLSchema-instance" xsi:noNamespaceSchemaLocation="https://maven.apache.org/surefire/maven-surefire-plugin/xsd/surefire-test-report.xsd" version="3.0.2" name="org.jsoup.integration.ConnectTest" time="0.492" tests="67" errors="0" skipped="0" failures="0">
  <properties>
[...]
</properties>
  <testcase name="multipleParsesOkAfterBufferUp" classname="org.jsoup.integration.ConnectTest" time="0.003"/>
  <testcase name="handlesWrongContentLengthDuringBufferedRead" classname="org.jsoup.integration.ConnectTest" time="0.003"/>
  <testcase name="multiCookieSet" classname="org.jsoup.integration.ConnectTest" time="0.006"/>
  <testcase name="sendHeadRequest" classname="org.jsoup.integration.ConnectTest" time="0.002"/>
  <testcase name="failsIfNotAuthenticated(String)[1]" classname="org.jsoup.integration.ConnectTest" time="0.006"/>
  <testcase name="failsIfNotAuthenticated(String)[2]" classname="org.jsoup.integration.ConnectTest" time="0.118"/>
  <testcase name="fetchURIWithWhitespace" classname="org.jsoup.integration.ConnectTest" time="0.002"/>
  <testcase name="bodyAndBytesAvailableBeforeParse" classname="org.jsoup.integration.ConnectTest" time="0.001"/>
  <testcase name="formLoginFlow" classname="org.jsoup.integration.ConnectTest" time="0.007"/>
  <testcase name="postHtmlFile" classname="org.jsoup.integration.ConnectTest" time="0.036"/>
  <testcase name="parseParseThrowsValidates" classname="org.jsoup.integration.ConnectTest" time="0.001"/>
  <testcase name="preservesUrlFragment" classname="org.jsoup.integration.ConnectTest" time="0.0"/>
  <testcase name="imageXmlMimeType" classname="org.jsoup.integration.ConnectTest" time="0.002"/>
  <testcase name="canFetchBinaryAsBytes" classname="org.jsoup.integration.ConnectTest" time="0.003"/>
  <testcase name="maxBodySize" classname="org.jsoup.integration.ConnectTest" time="0.038"/>
  <testcase name="streamerGetUtf8Bom" classname="org.jsoup.integration.ConnectTest" time="0.002"/>
  <testcase name="handlesUnknownEscapesAcrossBuffer" classname="org.jsoup.integration.ConnectTest" time="0.006"/>
  <testcase name="throwsExceptionOn404" classname="org.jsoup.integration.ConnectTest" time="0.001"/>
  <testcase name="doesPostMultipartWithoutInputstream" classname="org.jsoup.integration.ConnectTest" time="0.003"/>
  <testcase name="sendsRequestBodyWithUrlParams" classname="org.jsoup.integration.ConnectTest" time="0.001"/>
  <testcase name="maxBodySizeInReadToByteBuffer" classname="org.jsoup.integration.ConnectTest" time="0.005"/>
  <testcase name="fetchHandlesXmlAsHtmlWhenParserSet" classname="org.jsoup.integration.ConnectTest" time="0.001"/>
  <testcase name="fetchURl" classname="org.jsoup.integration.ConnectTest" time="0.001"/>
  <testcase name="fetchToW3c" classname="org.jsoup.integration.ConnectTest" time="0.033"/>
  <testcase name="testBinaryContentTypeThrowsException" classname="org.jsoup.integration.ConnectTest" time="0.001"/>
  <testcase name="fetchUnicodeUrl" classname="org.jsoup.integration.ConnectTest" time="0.001"/>
  <testcase name="sendsRequestBody" classname="org.jsoup.integration.ConnectTest" time="0.001"/>
  <testcase name="bodyAfterParseThrowsValidationError" classname="org.jsoup.integration.ConnectTest" time="0.001"/>
  <testcase name="doesDeleteWithBody" classname="org.jsoup.integration.ConnectTest" time="0.001"/>
  <testcase name="canConnectToLocalTlsServer" classname="org.jsoup.integration.ConnectTest" time="0.008"/>
  <testcase name="handlesRedirect" classname="org.jsoup.integration.ConnectTest" time="0.002"/>
  <testcase name="doesPost" classname="org.jsoup.integration.ConnectTest" time="0.001"/>
  <testcase name="getUtf8Bom" classname="org.jsoup.integration.ConnectTest" time="0.001"/>
  <testcase name="supportsDeflate" classname="org.jsoup.integration.ConnectTest" time="0.003"/>
  <testcase name="canAuthenticate(String)[1]" classname="org.jsoup.integration.ConnectTest" time="0.004"/>
  <testcase name="canAuthenticate(String)[2]" classname="org.jsoup.integration.ConnectTest" time="0.009"/>
  <testcase name="repeatable" classname="org.jsoup.integration.ConnectTest" time="0.008"/>
  <testcase name="sendsRequestBodyJsonWithoutData" classname="org.jsoup.integration.ConnectTest" time="0.001"/>
  <testcase name="doesDeleteWithoutBody" classname="org.jsoup.integration.ConnectTest" time="0.001"/>
  <testcase name="formLoginFlow2" classname="org.jsoup.integration.ConnectTest" time="0.003"/>
  <testcase name="combinesSameHeadersWithComma" classname="org.jsoup.integration.ConnectTest" time="0.001"/>
  <testcase name="sendsRequestBodyJsonWithData" classname="org.jsoup.integration.ConnectTest" time="0.001"/>
  <testcase name="willEscapePathInRedirect" classname="org.jsoup.integration.ConnectTest" time="0.002"/>
  <testcase name="doesPostFor307" classname="org.jsoup.integration.ConnectTest" time="0.002"/>
  <testcase name="baseHrefCorrectAfterHttpEquiv" classname="org.jsoup.integration.ConnectTest" time="0.002"/>
  <testcase name="fetchHandlesXml" classname="org.jsoup.integration.ConnectTest" time="0.003"/>
  <testcase name="handlesEmptyRedirect" classname="org.jsoup.integration.ConnectTest" time="0.013"/>
  <testcase name="canConnectToLocalServer" classname="org.jsoup.integration.ConnectTest" time="0.001"/>
  <testcase name="ignoresExceptionIfSoConfigured" classname="org.jsoup.integration.ConnectTest" time="0.001"/>
  <testcase name="doesGet(String)[1]" classname="org.jsoup.integration.ConnectTest" time="0.001"/>
  <testcase name="doesGet(String)[2]" classname="org.jsoup.integration.ConnectTest" time="0.001"/>
  <testcase name="doesPut" classname="org.jsoup.integration.ConnectTest" time="0.001"/>
  <testcase name="streamParserGet(String)[1]" classname="org.jsoup.integration.ConnectTest" time="0.001"/>
  <testcase name="streamParserGet(String)[2]" classname="org.jsoup.integration.ConnectTest" time="0.001"/>
  <testcase name="progressListener(String)[1]" classname="org.jsoup.integration.ConnectTest" time="0.006"/>
  <testcase name="progressListener(String)[2]" classname="org.jsoup.integration.ConnectTest" time="0.005"/>
  <testcase name="testParseRss" classname="org.jsoup.integration.ConnectTest" time="0.001"/>
  <testcase name="exceptOnUnsupportedProtocol" classname="org.jsoup.integration.ConnectTest" time="0.0"/>
  <testcase name="doesNotPostFor302" classname="org.jsoup.integration.ConnectTest" time="0.002"/>
  <testcase name="postFiles(String)[1]" classname="org.jsoup.integration.ConnectTest" time="0.016"/>
  <testcase name="postFiles(String)[2]" classname="org.jsoup.integration.ConnectTest" time="0.027"/>
  <testcase name="secFetchHeadersSurviveRedirect" classname="org.jsoup.integration.ConnectTest" time="0.006"/>
  <testcase name="canSendSecFetchHeaders" classname="org.jsoup.integration.ConnectTest" time="0.001"/>
  <testcase name="handlesLargerContentLengthParseRead" classname="org.jsoup.integration.ConnectTest" time="0.002"/>
  <testcase name="incorrectAuth(String)[1]" classname="org.jsoup.integration.ConnectTest" time="0.007"/>
  <testcase name="incorrectAuth(String)[2]" classname="org.jsoup.integration.ConnectTest" time="0.045"/>
  <testcase name="requestCookiesSurviveRedirect" classname="org.jsoup.integration.ConnectTest" time="0.002"/>
</testsuite>