<?xml version="1.0" encoding="UTF-8"?>
<testsuite xmlns:xsi="http://www.w3.org/2001/XMLSchema-instance" xsi:noNamespaceSchemaLocation="https://maven.apache.org/surefire/maven-surefire-plugin/xsd/surefire-test-report.xsd" version="3.0.2" name="org.jsoup.nodes.DocumentTest" time="0.409" tests="37" errors="0" skipped="0" failures="0">
  <properties>
[...]
</properties>
  <testcase name="testOutputEncoding" classname="org.jsoup.nodes.DocumentTest" time="0.0"/>
  <testcase name="testMetaCharsetUpdateDisabledNoChanges" classname="org.jsoup.nodes.DocumentTest" time="0.001"/>
  <testcase name="testOverflowClone" classname="org.jsoup.nodes.DocumentTest" time="0.388"/>
  <testcase name="testBasicIndent" classname="org.jsoup.nodes.DocumentTest" time="0.001"/>
  <testcase name="testHtmlAppendable" classname="org.jsoup.nodes.DocumentTest" time="0.0"/>
  <testcase name="testLocation" classname="org.jsoup.nodes.DocumentTest" time="0.001"/>
  <testcase name="testClonesDeclarations" classname="org.jsoup.nodes.DocumentTest" time="0.0"/>
  <testcase name="testClone" classname="org.jsoup.nodes.DocumentTest" time="0.001"/>
  <testcase name="accessorsWillNormalizeStructure" classname="org.jsoup.nodes.DocumentTest" time="0.0"/>
  <testcase name="testShiftJisRoundtrip" classname="org.jsoup.nodes.DocumentTest" time="0.007"/>
  <testcase name="testNormalisesStructure" classname="org.jsoup.nodes.DocumentTest" time="0.0"/>
  <testcase name="testXhtmlReferences" classname="org.jsoup.nodes.DocumentTest" time="0.001"/>
  <testcase name="testMetaCharsetUpdateXmlNoCharset" classname="org.jsoup.nodes.DocumentTest" time="0.0"/>
  <testcase name="testMetaCharsetUpdateUtf8" classname="org.jsoup.nodes.DocumentTest" time="0.0"/>
  <testcase name="expectForm" classname="org.jsoup.nodes.DocumentTest" time="0.001"/>
  <testcase name="testMetaCharsetUpdateEnabledAfterCharsetChange" classname="org.jsoup.nodes.DocumentTest" time="0.001"/>
  <testcase name="testMetaCharsetUpdateDisabled" classname="org.jsoup.nodes.DocumentTest" time="0.0"/>
  <testcase name="testMetaCharsetUpdateXmlDisabled" classname="org.jsoup.nodes.DocumentTest" time="0.0"/>
  <testcase name="testMetaCharsetUpdateCleanup" classname="org.jsoup.nodes.DocumentTest" time="0.0"/>
  <testcase name="forms" classname="org.jsoup.nodes.DocumentTest" time="0.001"/>
  <testcase name="DocumentsWithSameContentAreEqual" classname="org.jsoup.nodes.DocumentTest" time="0.0"/>
  <testcase name="testMetaCharsetUpdatedDisabledPerDefault" classname="org.jsoup.nodes.DocumentTest" time="0.0"/>
  <testcase name="testMetaCharsetUpdateXmlIso8859" classname="org.jsoup.nodes.DocumentTest" time="0.001"/>
  <testcase name="parseAndHtmlOnDifferentThreads" classname="org.jsoup.nodes.DocumentTest" time="0.0"/>
  <testcase name="testMetaCharsetUpdateNoCharset" classname="org.jsoup.nodes.DocumentTest" time="0.001"/>
  <testcase name="DocumentsWithSameContentAreVerifiable" classname="org.jsoup.nodes.DocumentTest" time="0.0"/>
  <testcase name="setTextPreservesDocumentStructure" classname="org.jsoup.nodes.DocumentTest" time="0.0"/>
  <testcase name="htmlParseDefaultsToHtmlOutputSyntax" classname="org.jsoup.nodes.DocumentTest" time="0.0"/>
  <testcase name="testLocationFromString" classname="org.jsoup.nodes.DocumentTest" time="0.0"/>
  <testcase name="testMetaCharsetUpdateIso8859" classname="org.jsoup.nodes.DocumentTest" time="0.0"/>
  <testcase name="testMetaCharsetUpdateXmlUtf8" classname="org.jsoup.nodes.DocumentTest" time="0.0"/>
  <testcase name="testHtmlAndXmlSyntax" classname="org.jsoup.nodes.DocumentTest" time="0.0"/>
  <testcase name="accessorsAreCaseInsensitive" classname="org.jsoup.nodes.DocumentTest" time="0.0"/>
  <testcase name="testTitles" classname="org.jsoup.nodes.DocumentTest" time="0.0"/>
  <testcase name="testMetaCharsetUpdateXmlDisabledNoChanges" classname="org.jsoup.nodes.DocumentTest" time="0.0"/>
  <testcase name="framesetSupportsBodyMethod" classname="org.jsoup.nodes.DocumentTest" time="0.001"/>
  <testcase name="testDocumentTypeGet" classname="org.jsoup.nodes.DocumentTest" time="0.0"/>
</testsuite>