<?xml version="1.0" encoding="UTF-8"?>
<testsuite xmlns:xsi="http://www.w3.org/2001/XMLSchema-instance" xsi:noNamespaceSchemaLocation="https://maven.apache.org/surefire/maven-surefire-plugin/xsd/surefire-test-report.xsd" version="3.0.2" name="org.jsoup.nodes.FormElementTest" time="0.292" tests="13" errors="0" skipped="0" failures="0">
  <properties>
[...]
</properties>
  <testcase name="formSubmissionCarriesCookiesFromSession" classname="org.jsoup.nodes.FormElementTest" time="0.058">
    <system-err><![CDATA[2024-11-08 11:30:17.385:INFO::main: Logging initialized @1017ms to org.eclipse.jetty.util.log.StdErrLog
2024-11-08 11:30:17.537:INFO:oejs.Server:main: jetty-9.4.56.v20240826; built: 2024-08-26T17:15:05.868Z; git: ec6782ff5ead824dabdcf47fa98f90a4aedff401; jvm 21.0.2+13-LTS-58
2024-11-08 11:30:17.563:INFO:oejs.AbstractConnector:main: Started ServerConnector@3a80515c{HTTP/1.1, (http/1.1)}{localhost:52897}
2024-11-08 11:30:17.574:INFO:oejus.SslContextFactory:main: x509=X509@187eb9a8(jsoup,h=[localhost, jsoup test server],a=[],w=[]) for Server@726a6b94[provider=null,keyStore=file:///Users/yura/workspace/Fuzz/target/test-classes/local-cert/server.pfx,trustStore=file:///Users/yura/workspace/Fuzz/target/test-classes/local-cert/server.pfx]
2024-11-08 11:30:17.591:INFO:oejs.AbstractConnector:main: Started ServerConnector@6a1ebcff{SSL, (ssl, http/1.1)}{0.0.0.0:52898}
2024-11-08 11:30:17.591:INFO:oejs.Server:main: Started @1223ms
2024-11-08 11:30:17.599:INFO:oejs.Server:main: jetty-9.4.56.v20240826; built: 2024-08-26T17:15:05.868Z; git: ec6782ff5ead824dabdcf47fa98f90a4aedff401; jvm 21.0.2+13-LTS-58
2024-11-08 11:30:17.601:INFO:oejs.AbstractConnector:main: Started ServerConnector@3c321bdb{HTTP/1.1, (http/1.1)}{localhost:52899}
2024-11-08 11:30:17.601:INFO:oejs.Server:main: Started @1233ms
2024-11-08 11:30:17.601:INFO:oejs.Server:main: jetty-9.4.56.v20240826; built: 2024-08-26T17:15:05.868Z; git: ec6782ff5ead824dabdcf47fa98f90a4aedff401; jvm 21.0.2+13-LTS-58
2024-11-08 11:30:17.602:INFO:oejs.AbstractConnector:main: Started ServerConnector@4d4d8fcf{HTTP/1.1, (http/1.1)}{localhost:52900}
2024-11-08 11:30:17.602:INFO:oejs.Server:main: Started @1234ms
]]></system-err>
  </testcase>
  <testcase name="formElementsAreLive" classname="org.jsoup.nodes.FormElementTest" time="0.0"/>
  <testcase name="createsFormData" classname="org.jsoup.nodes.FormElementTest" time="0.0"/>
  <testcase name="actionWithNoValue" classname="org.jsoup.nodes.FormElementTest" time="0.0"/>
  <testcase name="removeFormElement" classname="org.jsoup.nodes.FormElementTest" time="0.0"/>
  <testcase name="formsAddedAfterParseAreFormElements" classname="org.jsoup.nodes.FormElementTest" time="0.0"/>
  <testcase name="createsSubmitableConnection" classname="org.jsoup.nodes.FormElementTest" time="0.001"/>
  <testcase name="formDataUsesFirstAttribute" classname="org.jsoup.nodes.FormElementTest" time="0.0"/>
  <testcase name="controlsAddedAfterParseAreLinkedWithForms" classname="org.jsoup.nodes.FormElementTest" time="0.0"/>
  <testcase name="adoptedFormsRetainInputs" classname="org.jsoup.nodes.FormElementTest" time="0.0"/>
  <testcase name="usesOnForCheckboxValueIfNoValueSet" classname="org.jsoup.nodes.FormElementTest" time="0.0"/>
  <testcase name="hasAssociatedControls" classname="org.jsoup.nodes.FormElementTest" time="0.001"/>
  <testcase name="actionWithNoBaseUri" classname="org.jsoup.nodes.FormElementTest" time="0.0"/>
</testsuite>