<?xml version="1.0" encoding="UTF-8"?>
<testsuite xmlns:xsi="http://www.w3.org/2001/XMLSchema-instance" xsi:noNamespaceSchemaLocation="https://maven.apache.org/surefire/maven-surefire-plugin/xsd/surefire-test-report.xsd" version="3.0.2" name="org.jsoup.parser.TokenQueueTest" time="0.003" tests="14" errors="0" skipped="0" failures="0">
  <properties>
[...]
</properties>
  <testcase name="consumeEscapedTag" classname="org.jsoup.parser.TokenQueueTest" time="0.0"/>
  <testcase name="addFirst" classname="org.jsoup.parser.TokenQueueTest" time="0.0"/>
  <testcase name="testQuotedPattern" classname="org.jsoup.parser.TokenQueueTest" time="0.0"/>
  <testcase name="unescape_2" classname="org.jsoup.parser.TokenQueueTest" time="0.0"/>
  <testcase name="unescape" classname="org.jsoup.parser.TokenQueueTest" time="0.0"/>
  <testcase name="chompToIgnoreCase" classname="org.jsoup.parser.TokenQueueTest" time="0.0"/>
  <testcase name="chompEscapedBalanced" classname="org.jsoup.parser.TokenQueueTest" time="0.0"/>
  <testcase name="consumeToIgnoreSecondCallTest" classname="org.jsoup.parser.TokenQueueTest" time="0.0"/>
  <testcase name="chompBalancedThrowIllegalArgumentException" classname="org.jsoup.parser.TokenQueueTest" time="0.0"/>
  <testcase name="chompBalanced" classname="org.jsoup.parser.TokenQueueTest" time="0.0"/>
  <testcase name="escapeCssIdentifier" classname="org.jsoup.parser.TokenQueueTest" time="0.0"/>
  <testcase name="testNestedQuotes" classname="org.jsoup.parser.TokenQueueTest" time="0.0"/>
  <testcase name="consumeEscapedId" classname="org.jsoup.parser.TokenQueueTest" time="0.0"/>
  <testcase name="chompBalancedMatchesAsMuchAsPossible" classname="org.jsoup.parser.TokenQueueTest" time="0.0"/>
</testsuite>